\BOOKMARK [1][-]{section.1}{\376\377\000I\000n\000t\000r\000o\000d\000u\000c\000c\000i\000\363\000n}{}% 1
\BOOKMARK [1][-]{section.2}{\376\377\000E\000s\000q\000u\000e\000m\000a\000\040\000T\000e\000c\000n\000o\000l\000\363\000g\000i\000c\000o}{}% 2
\BOOKMARK [1][-]{section.3}{\376\377\000D\000e\000t\000a\000l\000l\000e\000\040\000d\000e\000\040\000M\000\363\000d\000u\000l\000o\000s}{}% 3
\BOOKMARK [2][-]{subsection.3.1}{\376\377\000M\000i\000c\000r\000o\000c\000o\000n\000t\000r\000o\000l\000a\000d\000o\000r\000:\000\040\000B\000l\000u\000e\000\040\000P\000i\000l\000l\000\040\000S\000T\000M\0003\0002\000F\0001\0000\0003\000C\0008\000T\0006}{section.3}% 4
\BOOKMARK [2][-]{subsection.3.2}{\376\377\000D\000r\000i\000v\000e\000r\000s\000\040\000A\0004\0009\0008\0008}{section.3}% 5
\BOOKMARK [2][-]{subsection.3.3}{\376\377\000M\000o\000t\000o\000r\000e\000s\000\040\000p\000a\000s\000o\000\040\000a\000\040\000p\000a\000s\000o}{section.3}% 6
\BOOKMARK [2][-]{subsection.3.4}{\376\377\000R\000A\000M\000P\000S\000\040\0001\000.\0004}{section.3}% 7
\BOOKMARK [2][-]{subsection.3.5}{\376\377\000F\000i\000n\000e\000s\000\040\000d\000e\000\040\000c\000a\000r\000r\000e\000r\000a\000\040\000m\000e\000c\000\341\000n\000i\000c\000o\000s}{section.3}% 8
\BOOKMARK [1][-]{section.4}{\376\377\000F\000u\000n\000c\000i\000o\000n\000a\000m\000i\000e\000n\000t\000o\000\040\000g\000e\000n\000e\000r\000a\000l}{}% 9
\BOOKMARK [1][-]{section.5}{\376\377\000P\000r\000o\000g\000r\000a\000m\000a\000c\000i\000\363\000n}{}% 10
\BOOKMARK [2][-]{subsection.5.1}{\376\377\000C\000o\000n\000f\000i\000g\000u\000r\000a\000c\000i\000\363\000n\000\040\000d\000e\000\040\000P\000e\000r\000i\000f\000\351\000r\000i\000c\000o\000s\000\040\000d\000e\000l\000\040\000C\000o\000n\000t\000r\000o\000l\000a\000d\000o\000r}{section.5}% 11
\BOOKMARK [3][-]{subsubsection.5.1.1}{\376\377\000M\000i\000c\000r\000o\000c\000o\000n\000t\000r\000o\000l\000a\000d\000o\000r\000:\000\040\000S\000T\000M\0003\0002\000F\0001\0000\0003\000C\0008\000T\0006\000\040\000\050\000B\000l\000u\000e\000\040\000P\000i\000l\000l\000\051}{subsection.5.1}% 12
\BOOKMARK [3][-]{subsubsection.5.1.2}{\376\377\000I\000n\000t\000e\000r\000f\000a\000c\000e\000s\000\040\000d\000e\000\040\000C\000o\000m\000u\000n\000i\000c\000a\000c\000i\000\363\000n}{subsection.5.1}% 13
\BOOKMARK [3][-]{subsubsection.5.1.3}{\376\377\000G\000P\000I\000O\000\040\000p\000a\000r\000a\000\040\000C\000o\000n\000t\000r\000o\000l\000\040\000d\000e\000\040\000M\000o\000t\000o\000r\000e\000s\000\040\000P\000a\000s\000o\000\040\000a\000\040\000P\000a\000s\000o}{subsection.5.1}% 14
\BOOKMARK [3][-]{subsubsection.5.1.4}{\376\377\000I\000n\000t\000e\000r\000r\000u\000p\000c\000i\000o\000n\000e\000s\000\040\000E\000x\000t\000e\000r\000n\000a\000s\000\040\000\050\000E\000X\000T\000I\000\051}{subsection.5.1}% 15
\BOOKMARK [2][-]{subsection.5.2}{\376\377\000M\000\363\000d\000u\000l\000o\000s\000\040\000E\000x\000t\000e\000r\000n\000o\000s}{section.5}% 16
\BOOKMARK [3][-]{subsubsection.5.2.1}{\376\377\000D\000r\000i\000v\000e\000r\000s\000\040\000d\000e\000\040\000M\000o\000t\000o\000r\000e\000s\000\040\000P\000a\000s\000o\000\040\000a\000\040\000P\000a\000s\000o}{subsection.5.2}% 17
\BOOKMARK [3][-]{subsubsection.5.2.2}{\376\377\000F\000i\000n\000a\000l\000e\000s\000\040\000d\000e\000\040\000C\000a\000r\000r\000e\000r\000a\000\040\000\050\000E\000n\000d\000s\000t\000o\000p\000s\000\051}{subsection.5.2}% 18
\BOOKMARK [2][-]{subsection.5.3}{\376\377\000D\000e\000s\000c\000r\000i\000p\000c\000i\000\363\000n\000\040\000d\000e\000\040\000l\000a\000s\000\040\000F\000u\000n\000c\000i\000o\000n\000e\000s\000\040\000C\000o\000d\000i\000f\000i\000c\000a\000d\000a\000s}{section.5}% 19
\BOOKMARK [3][-]{subsubsection.5.3.1}{\376\377\000F\000u\000n\000c\000i\000\363\000n\000\040\000m\000a\000i\000n\000\050\000\051}{subsection.5.3}% 20
\BOOKMARK [3][-]{subsubsection.5.3.2}{\376\377\000A\000l\000g\000o\000r\000i\000t\000m\000o\000s\000\040\000P\000r\000i\000n\000c\000i\000p\000a\000l\000e\000s}{subsection.5.3}% 21
\BOOKMARK [3][-]{subsubsection.5.3.3}{\376\377\000M\000\341\000q\000u\000i\000n\000a\000\040\000d\000e\000\040\000E\000s\000t\000a\000d\000o\000s}{subsection.5.3}% 22
\BOOKMARK [3][-]{subsubsection.5.3.4}{\376\377\000G\000e\000s\000t\000i\000\363\000n\000\040\000d\000e\000\040\000I\000n\000t\000e\000r\000r\000u\000p\000c\000i\000o\000n\000e\000s}{subsection.5.3}% 23
\BOOKMARK [3][-]{subsubsection.5.3.5}{\376\377\000F\000u\000n\000c\000i\000o\000n\000e\000s\000\040\000d\000e\000\040\000C\000a\000l\000l\000b\000a\000c\000k}{subsection.5.3}% 24
\BOOKMARK [3][-]{subsubsection.5.3.6}{\376\377\000S\000i\000s\000t\000e\000m\000a\000\040\000d\000e\000\040\000C\000o\000l\000a\000s\000\040\000y\000\040\000B\000u\000f\000f\000e\000r\000s}{subsection.5.3}% 25
\BOOKMARK [3][-]{subsubsection.5.3.7}{\376\377\000C\000o\000n\000f\000i\000g\000u\000r\000a\000c\000i\000o\000n\000e\000s\000\040\000P\000r\000i\000n\000c\000i\000p\000a\000l\000e\000s}{subsection.5.3}% 26
\BOOKMARK [1][-]{section.6}{\376\377\000E\000t\000a\000p\000a\000s\000\040\000d\000e\000\040\000m\000o\000n\000t\000a\000j\000e\000\040\000y\000\040\000e\000n\000s\000a\000y\000o\000s\000\040\000r\000e\000a\000l\000i\000z\000a\000d\000o\000s}{}% 27
\BOOKMARK [1][-]{section.7}{\376\377\000R\000e\000s\000u\000l\000t\000a\000d\000o\000s\000\040\000y\000\040\000e\000s\000p\000e\000c\000i\000f\000i\000c\000a\000c\000i\000o\000n\000e\000s\000\040\000f\000i\000n\000a\000l\000e\000s}{}% 28
\BOOKMARK [2][-]{subsection.7.1}{\376\377\000C\000a\000r\000a\000c\000t\000e\000r\000i\000z\000a\000c\000i\000\363\000n\000\040\000d\000e\000l\000\040\000S\000i\000s\000t\000e\000m\000a}{section.7}% 29
\BOOKMARK [3][-]{subsubsection.7.1.1}{\376\377\000P\000r\000e\000c\000i\000s\000i\000\363\000n\000\040\000d\000e\000\040\000P\000o\000s\000i\000c\000i\000o\000n\000a\000m\000i\000e\000n\000t\000o}{subsection.7.1}% 30
\BOOKMARK [3][-]{subsubsection.7.1.2}{\376\377\000V\000e\000l\000o\000c\000i\000d\000a\000d\000e\000s\000\040\000d\000e\000\040\000T\000r\000a\000b\000a\000j\000o}{subsection.7.1}% 31
\BOOKMARK [2][-]{subsection.7.2}{\376\377\000P\000r\000u\000e\000b\000a\000s\000\040\000F\000u\000n\000c\000i\000o\000n\000a\000l\000e\000s}{section.7}% 32
\BOOKMARK [3][-]{subsubsection.7.2.1}{\376\377\000P\000r\000u\000e\000b\000a\000\040\000d\000e\000\040\000C\000o\000r\000t\000e\000\040\000L\000i\000n\000e\000a\000l}{subsection.7.2}% 33
\BOOKMARK [3][-]{subsubsection.7.2.2}{\376\377\000P\000r\000u\000e\000b\000a\000\040\000d\000e\000\040\000I\000n\000t\000e\000r\000p\000o\000l\000a\000c\000i\000\363\000n\000\040\000C\000i\000r\000c\000u\000l\000a\000r}{subsection.7.2}% 34
\BOOKMARK [2][-]{subsection.7.3}{\376\377\000A\000n\000\341\000l\000i\000s\000i\000s\000\040\000d\000e\000\040\000R\000e\000n\000d\000i\000m\000i\000e\000n\000t\000o}{section.7}% 35
\BOOKMARK [3][-]{subsubsection.7.3.1}{\376\377\000C\000o\000n\000s\000u\000m\000o\000\040\000d\000e\000\040\000P\000o\000t\000e\000n\000c\000i\000a}{subsection.7.3}% 36
\BOOKMARK [1][-]{section.8}{\376\377\000C\000o\000n\000c\000l\000u\000s\000i\000o\000n\000e\000s\000.\000\040\000E\000n\000s\000a\000y\000o\000\040\000d\000e\000\040\000i\000n\000g\000e\000n\000i\000e\000r\000\355\000a\000\040\000d\000e\000\040\000p\000r\000o\000d\000u\000c\000t\000o}{}% 37
\BOOKMARK [2][-]{subsection.8.1}{\376\377\000C\000u\000m\000p\000l\000i\000m\000i\000e\000n\000t\000o\000\040\000d\000e\000\040\000O\000b\000j\000e\000t\000i\000v\000o\000s}{section.8}% 38
\BOOKMARK [2][-]{subsection.8.2}{\376\377\000A\000p\000r\000e\000n\000d\000i\000z\000a\000j\000e\000s\000\040\000O\000b\000t\000e\000n\000i\000d\000o\000s}{section.8}% 39
\BOOKMARK [2][-]{subsection.8.3}{\376\377\000T\000r\000a\000b\000a\000j\000o\000\040\000F\000u\000t\000u\000r\000o}{section.8}% 40
\BOOKMARK [3][-]{subsubsection.8.3.1}{\376\377\000H\000a\000r\000d\000w\000a\000r\000e}{subsection.8.3}% 41
\BOOKMARK [3][-]{subsubsection.8.3.2}{\376\377\000S\000o\000f\000t\000w\000a\000r\000e}{subsection.8.3}% 42
\BOOKMARK [3][-]{subsubsection.8.3.3}{\376\377\000M\000e\000c\000\341\000n\000i\000c\000a}{subsection.8.3}% 43
\BOOKMARK [1][-]{section.9}{\376\377\000R\000e\000f\000e\000r\000e\000n\000c\000i\000a\000s}{}% 44
\BOOKMARK [1][-]{section.10}{\376\377\000A\000n\000e\000x\000o\000s}{}% 45
\BOOKMARK [2][-]{subsection.10.1}{\376\377\000A\000n\000e\000x\000o\000\040\000A\000:\000\040\000E\000s\000q\000u\000e\000m\000\341\000t\000i\000c\000o\000\040\000d\000e\000\040\000l\000a\000\040\000P\000C\000B}{section.10}% 46
\BOOKMARK [2][-]{subsection.10.2}{\376\377\000A\000n\000e\000x\000o\000\040\000B\000:\000\040\000L\000i\000s\000t\000a\000\040\000d\000e\000\040\000M\000a\000t\000e\000r\000i\000a\000l\000e\000s\000\040\000\050\000B\000O\000M\000\051}{section.10}% 47
\BOOKMARK [2][-]{subsection.10.3}{\376\377\000A\000n\000e\000x\000o\000\040\000C\000:\000\040\000C\000\363\000d\000i\000g\000o\000\040\000F\000u\000e\000n\000t\000e\000\040\000P\000r\000i\000n\000c\000i\000p\000a\000l}{section.10}% 48
\BOOKMARK [3][-]{subsubsection.10.3.1}{\376\377\000A\000r\000c\000h\000i\000v\000o\000s\000\040\000P\000r\000i\000n\000c\000i\000p\000a\000l\000e\000s\000:}{subsection.10.3}% 49
\BOOKMARK [2][-]{subsection.10.4}{\376\377\000A\000n\000e\000x\000o\000\040\000D\000:\000\040\000R\000e\000s\000u\000l\000t\000a\000d\000o\000s\000\040\000d\000e\000\040\000P\000r\000u\000e\000b\000a\000s\000\040\000D\000e\000t\000a\000l\000l\000a\000d\000o\000s}{section.10}% 50
\BOOKMARK [3][-]{subsubsection.10.4.1}{\376\377\000L\000o\000g\000\040\000d\000e\000\040\000P\000r\000u\000e\000b\000a\000\040\000d\000e\000\040\000P\000r\000e\000c\000i\000s\000i\000\363\000n}{subsection.10.4}% 51
\BOOKMARK [1][-]{section.11}{\376\377\000M\000a\000r\000c\000o\000\040\000T\000e\000\363\000r\000i\000c\000o}{}% 52
\BOOKMARK [2][-]{subsection.11.1}{\376\377\000C\000o\000n\000t\000r\000o\000l\000\040\000N\000u\000m\000\351\000r\000i\000c\000o\000\040\000C\000o\000m\000p\000u\000t\000a\000r\000i\000z\000a\000d\000o\000\040\000\050\000C\000N\000C\000\051}{section.11}% 53
\BOOKMARK [2][-]{subsection.11.2}{\376\377\000M\000i\000c\000r\000o\000c\000o\000n\000t\000r\000o\000l\000a\000d\000o\000r\000\040\000S\000T\000M\0003\0002\000F\0001\0000\0003\000C\0008\000T\0006}{section.11}% 54
\BOOKMARK [2][-]{subsection.11.3}{\376\377\000P\000r\000o\000t\000o\000c\000o\000l\000o\000\040\000G\000-\000c\000o\000d\000e}{section.11}% 55
\BOOKMARK [3][-]{subsubsection.11.3.1}{\376\377\000C\000o\000m\000a\000n\000d\000o\000s\000\040\000G\000-\000c\000o\000d\000e\000\040\000P\000r\000i\000n\000c\000i\000p\000a\000l\000e\000s}{subsection.11.3}% 56
\BOOKMARK [2][-]{subsection.11.4}{\376\377\000G\000R\000B\000L}{section.11}% 57
\BOOKMARK [1][-]{section.12}{\376\377\000M\000e\000t\000o\000d\000o\000l\000o\000g\000\355\000a}{}% 58
\BOOKMARK [2][-]{subsection.12.1}{\376\377\000D\000i\000s\000e\000\361\000o\000\040\000d\000e\000l\000\040\000S\000i\000s\000t\000e\000m\000a}{section.12}% 59
\BOOKMARK [2][-]{subsection.12.2}{\376\377\000H\000e\000r\000r\000a\000m\000i\000e\000n\000t\000a\000s\000\040\000U\000t\000i\000l\000i\000z\000a\000d\000a\000s}{section.12}% 60
\BOOKMARK [3][-]{subsubsection.12.2.1}{\376\377\000H\000a\000r\000d\000w\000a\000r\000e}{subsection.12.2}% 61
\BOOKMARK [3][-]{subsubsection.12.2.2}{\376\377\000S\000o\000f\000t\000w\000a\000r\000e}{subsection.12.2}% 62
\BOOKMARK [1][-]{section.13}{\376\377\000D\000e\000s\000a\000r\000r\000o\000l\000l\000o}{}% 63
\BOOKMARK [2][-]{subsection.13.1}{\376\377\000D\000i\000s\000e\000\361\000o\000\040\000d\000e\000l\000\040\000H\000a\000r\000d\000w\000a\000r\000e}{section.13}% 64
\BOOKMARK [3][-]{subsubsection.13.1.1}{\376\377\000A\000r\000q\000u\000i\000t\000e\000c\000t\000u\000r\000a\000\040\000d\000e\000l\000\040\000S\000i\000s\000t\000e\000m\000a}{subsection.13.1}% 65
\BOOKMARK [3][-]{subsubsection.13.1.2}{\376\377\000S\000e\000l\000e\000c\000c\000i\000\363\000n\000\040\000d\000e\000\040\000C\000o\000m\000p\000o\000n\000e\000n\000t\000e\000s}{subsection.13.1}% 66
\BOOKMARK [3][-]{subsubsection.13.1.3}{\376\377\000D\000i\000s\000e\000\361\000o\000\040\000d\000e\000\040\000l\000a\000\040\000P\000C\000B}{subsection.13.1}% 67
\BOOKMARK [2][-]{subsection.13.2}{\376\377\000I\000m\000p\000l\000e\000m\000e\000n\000t\000a\000c\000i\000\363\000n\000\040\000d\000e\000l\000\040\000F\000i\000r\000m\000w\000a\000r\000e}{section.13}% 68
\BOOKMARK [3][-]{subsubsection.13.2.1}{\376\377\000A\000d\000a\000p\000t\000a\000c\000i\000\363\000n\000\040\000d\000e\000\040\000G\000R\000B\000L}{subsection.13.2}% 69
\BOOKMARK [3][-]{subsubsection.13.2.2}{\376\377\000E\000s\000t\000r\000u\000c\000t\000u\000r\000a\000\040\000d\000e\000l\000\040\000F\000i\000r\000m\000w\000a\000r\000e}{subsection.13.2}% 70
\BOOKMARK [3][-]{subsubsection.13.2.3}{\376\377\000C\000o\000n\000f\000i\000g\000u\000r\000a\000c\000i\000\363\000n\000\040\000d\000e\000\040\000M\000o\000t\000o\000r\000e\000s}{subsection.13.2}% 71
\BOOKMARK [2][-]{subsection.13.3}{\376\377\000I\000n\000t\000e\000r\000f\000a\000z\000\040\000d\000e\000\040\000U\000s\000u\000a\000r\000i\000o}{section.13}% 72
\BOOKMARK [1][-]{section.14}{\376\377\000A\000n\000\341\000l\000i\000s\000i\000s\000\040\000y\000\040\000D\000i\000s\000c\000u\000s\000i\000\363\000n}{}% 73
\BOOKMARK [2][-]{subsection.14.1}{\376\377\000V\000e\000n\000t\000a\000j\000a\000s\000\040\000d\000e\000l\000\040\000S\000i\000s\000t\000e\000m\000a\000\040\000D\000e\000s\000a\000r\000r\000o\000l\000l\000a\000d\000o}{section.14}% 74
\BOOKMARK [2][-]{subsection.14.2}{\376\377\000L\000i\000m\000i\000t\000a\000c\000i\000o\000n\000e\000s\000\040\000I\000d\000e\000n\000t\000i\000f\000i\000c\000a\000d\000a\000s}{section.14}% 75
\BOOKMARK [2][-]{subsection.14.3}{\376\377\000C\000o\000m\000p\000a\000r\000a\000c\000i\000\363\000n\000\040\000c\000o\000n\000\040\000S\000i\000s\000t\000e\000m\000a\000s\000\040\000C\000o\000m\000e\000r\000c\000i\000a\000l\000e\000s}{section.14}% 76
\BOOKMARK [1][-]{section.15}{\376\377\000A\000p\000l\000i\000c\000a\000c\000i\000o\000n\000e\000s\000\040\000P\000r\000\341\000c\000t\000i\000c\000a\000s}{}% 77
\BOOKMARK [2][-]{subsection.15.1}{\376\377\000C\000a\000s\000o\000s\000\040\000d\000e\000\040\000U\000s\000o\000\040\000I\000m\000p\000l\000e\000m\000e\000n\000t\000a\000d\000o\000s}{section.15}% 78
\BOOKMARK [3][-]{subsubsection.15.1.1}{\376\377\000G\000r\000a\000b\000a\000d\000o\000\040\000d\000e\000\040\000P\000C\000B\000s}{subsection.15.1}% 79
\BOOKMARK [3][-]{subsubsection.15.1.2}{\376\377\000C\000o\000r\000t\000e\000\040\000d\000e\000\040\000M\000a\000t\000e\000r\000i\000a\000l\000e\000s}{subsection.15.1}% 80
\BOOKMARK [2][-]{subsection.15.2}{\376\377\000P\000r\000o\000y\000e\000c\000t\000o\000s\000\040\000E\000d\000u\000c\000a\000t\000i\000v\000o\000s}{section.15}% 81
