Conversión de Solid Edge en STL
Fecha: viernes,agosto 22,2025 01:30a. m.
Archivo fuente:C:\Users\bruno\STM32CubeIDE\Proyecto_Micro\3D_FILES\case.par
Sistema fuente: SOLID EDGE

Hardware:
Procesador: Intel(R) Core(TM) i5-9300H CPU @ 2.40GHz
Sistema operativo: Windows 10
Memoria instalada: 15,88 GB

Información sobre el software:
Versión de Parasolid: 37.0.118
Versión de PSBodyShop: 37.0.94
Versión del adaptador STL: 15.0.142
Versión de Solid Edge: 225.00.01.004 x64

Opciones de exportación de STL:
Formato de la carpeta de salida:BINARY
Exportar las piezas visualizadas: Desactivado
Opción estructural: Monolithic
Unidades de exportación: Millimeter
Valor de la tolerancia de exportación:0,050000
Tipo de tolerancia de exportación: Custom
Valor del ángulo plano de superficie de exportación:0,523599

Avance en la conversión:
Se completó el proceso de conversión
Tiempo necesario para convertir:00 : 00 : 00
