19:25:58 **** Incremental Build of configuration Debug for project CNC ****
make -j8 all 
arm-none-eabi-gcc "../Core/Src/gcode_parser.c" -mcpu=cortex-m3 -std=gnu11 -g3 -DDEBUG -DUSE_HAL_DRIVER -DSTM32F103xB -c -I../Core/Inc -I../Drivers/STM32F1xx_HAL_Driver/Inc/Legacy -I../Drivers/STM32F1xx_HAL_Driver/Inc -I../Drivers/CMSIS/Device/ST/STM32F1xx/Include -I../Drivers/CMSIS/Include -I../USB_DEVICE/App -I../USB_DEVICE/Target -I../Middlewares/ST/STM32_USB_Device_Library/Core/Inc -I../Middlewares/ST/STM32_USB_Device_Library/Class/CDC/Inc -Oz -ffunction-sections -fdata-sections -Wall -fstack-usage -fcyclomatic-complexity -MMD -MP -MF"Core/Src/gcode_parser.d" -MT"Core/Src/gcode_parser.o" --specs=nano.specs -mfloat-abi=soft -mthumb -o "Core/Src/gcode_parser.o"
arm-none-eabi-gcc "../Core/Src/main.c" -mcpu=cortex-m3 -std=gnu11 -g3 -DDEBUG -DUSE_HAL_DRIVER -DSTM32F103xB -c -I../Core/Inc -I../Drivers/STM32F1xx_HAL_Driver/Inc/Legacy -I../Drivers/STM32F1xx_HAL_Driver/Inc -I../Drivers/CMSIS/Device/ST/STM32F1xx/Include -I../Drivers/CMSIS/Include -I../USB_DEVICE/App -I../USB_DEVICE/Target -I../Middlewares/ST/STM32_USB_Device_Library/Core/Inc -I../Middlewares/ST/STM32_USB_Device_Library/Class/CDC/Inc -Oz -ffunction-sections -fdata-sections -Wall -fstack-usage -fcyclomatic-complexity -MMD -MP -MF"Core/Src/main.d" -MT"Core/Src/main.o" --specs=nano.specs -mfloat-abi=soft -mthumb -o "Core/Src/main.o"
arm-none-eabi-gcc "../Core/Src/motion.c" -mcpu=cortex-m3 -std=gnu11 -g3 -DDEBUG -DUSE_HAL_DRIVER -DSTM32F103xB -c -I../Core/Inc -I../Drivers/STM32F1xx_HAL_Driver/Inc/Legacy -I../Drivers/STM32F1xx_HAL_Driver/Inc -I../Drivers/CMSIS/Device/ST/STM32F1xx/Include -I../Drivers/CMSIS/Include -I../USB_DEVICE/App -I../USB_DEVICE/Target -I../Middlewares/ST/STM32_USB_Device_Library/Core/Inc -I../Middlewares/ST/STM32_USB_Device_Library/Class/CDC/Inc -Oz -ffunction-sections -fdata-sections -Wall -fstack-usage -fcyclomatic-complexity -MMD -MP -MF"Core/Src/motion.d" -MT"Core/Src/motion.o" --specs=nano.specs -mfloat-abi=soft -mthumb -o "Core/Src/motion.o"
arm-none-eabi-gcc -o "CNC.elf" @"objects.list"   -mcpu=cortex-m3 -T"C:\Users\bruno\STM32CubeIDE\Proyecto_Micro\CNC\STM32F103C8TX_FLASH.ld" --specs=nosys.specs -Wl,-Map="CNC.map" -Wl,--gc-sections -static --specs=nano.specs -mfloat-abi=soft -mthumb -Wl,--start-group -lc -lm -Wl,--end-group
C:/ST/STM32CubeIDE_1.19.0/STM32CubeIDE/plugins/com.st.stm32cube.ide.mcu.externaltools.gnu-tools-for-stm32.13.3.rel1.win32_1.0.0.202411081344/tools/bin/../lib/gcc/arm-none-eabi/13.3.1/../../../../arm-none-eabi/bin/ld.exe: ./Core/Src/main.o: in function `setup':
C:/Users/bruno/STM32CubeIDE/Proyecto_Micro/CNC/Debug/../Core/Src/main.c:548:(.text.setup+0x78): undefined reference to `initUartReceive'
C:/ST/STM32CubeIDE_1.19.0/STM32CubeIDE/plugins/com.st.stm32cube.ide.mcu.externaltools.gnu-tools-for-stm32.13.3.rel1.win32_1.0.0.202411081344/tools/bin/../lib/gcc/arm-none-eabi/13.3.1/../../../../arm-none-eabi/bin/ld.exe: ./Core/Src/main.o: in function `performHoming':
C:/Users/bruno/STM32CubeIDE/Proyecto_Micro/CNC/Debug/../Core/Src/main.c:668:(.text.performHoming+0xa): undefined reference to `sendUSBText'
C:/ST/STM32CubeIDE_1.19.0/STM32CubeIDE/plugins/com.st.stm32cube.ide.mcu.externaltools.gnu-tools-for-stm32.13.3.rel1.win32_1.0.0.202411081344/tools/bin/../lib/gcc/arm-none-eabi/13.3.1/../../../../arm-none-eabi/bin/ld.exe: C:/Users/bruno/STM32CubeIDE/Proyecto_Micro/CNC/Debug/../Core/Src/main.c:672:(.text.performHoming+0x18): undefined reference to `sendUSBText'
C:/ST/STM32CubeIDE_1.19.0/STM32CubeIDE/plugins/com.st.stm32cube.ide.mcu.externaltools.gnu-tools-for-stm32.13.3.rel1.win32_1.0.0.202411081344/tools/bin/../lib/gcc/arm-none-eabi/13.3.1/../../../../arm-none-eabi/bin/ld.exe: C:/Users/bruno/STM32CubeIDE/Proyecto_Micro/CNC/Debug/../Core/Src/main.c:677:(.text.performHoming+0x32): undefined reference to `sendUSBText'
C:/ST/STM32CubeIDE_1.19.0/STM32CubeIDE/plugins/com.st.stm32cube.ide.mcu.externaltools.gnu-tools-for-stm32.13.3.rel1.win32_1.0.0.202411081344/tools/bin/../lib/gcc/arm-none-eabi/13.3.1/../../../../arm-none-eabi/bin/ld.exe: C:/Users/bruno/STM32CubeIDE/Proyecto_Micro/CNC/Debug/../Core/Src/main.c:715:(.text.performHoming+0x80): undefined reference to `sendUSBText'
C:/ST/STM32CubeIDE_1.19.0/STM32CubeIDE/plugins/com.st.stm32cube.ide.mcu.externaltools.gnu-tools-for-stm32.13.3.rel1.win32_1.0.0.202411081344/tools/bin/../lib/gcc/arm-none-eabi/13.3.1/../../../../arm-none-eabi/bin/ld.exe: C:/Users/bruno/STM32CubeIDE/Proyecto_Micro/CNC/Debug/../Core/Src/main.c:721:(.text.performHoming+0xde): undefined reference to `sendUSBText'
C:/ST/STM32CubeIDE_1.19.0/STM32CubeIDE/plugins/com.st.stm32cube.ide.mcu.externaltools.gnu-tools-for-stm32.13.3.rel1.win32_1.0.0.202411081344/tools/bin/../lib/gcc/arm-none-eabi/13.3.1/../../../../arm-none-eabi/bin/ld.exe: ./Core/Src/main.o:C:/Users/bruno/STM32CubeIDE/Proyecto_Micro/CNC/Debug/../Core/Src/main.c:727: more undefined references to `sendUSBText' follow
C:/ST/STM32CubeIDE_1.19.0/STM32CubeIDE/plugins/com.st.stm32cube.ide.mcu.externaltools.gnu-tools-for-stm32.13.3.rel1.win32_1.0.0.202411081344/tools/bin/../lib/gcc/arm-none-eabi/13.3.1/../../../../arm-none-eabi/bin/ld.exe: ./Core/Src/main.o: in function `loop':
C:/Users/bruno/STM32CubeIDE/Proyecto_Micro/CNC/Debug/../Core/Src/main.c:480:(.text.loop+0x16): undefined reference to `processUartCommand'
C:/ST/STM32CubeIDE_1.19.0/STM32CubeIDE/plugins/com.st.stm32cube.ide.mcu.externaltools.gnu-tools-for-stm32.13.3.rel1.win32_1.0.0.202411081344/tools/bin/../lib/gcc/arm-none-eabi/13.3.1/../../../../arm-none-eabi/bin/ld.exe: ./Core/Src/main.o: in function `main':
C:/Users/bruno/STM32CubeIDE/Proyecto_Micro/CNC/Debug/../Core/Src/main.c:175:(.text.startup.main+0x1c): undefined reference to `sendUSBText'
C:/ST/STM32CubeIDE_1.19.0/STM32CubeIDE/plugins/com.st.stm32cube.ide.mcu.externaltools.gnu-tools-for-stm32.13.3.rel1.win32_1.0.0.202411081344/tools/bin/../lib/gcc/arm-none-eabi/13.3.1/../../../../arm-none-eabi/bin/ld.exe: ./Core/Src/motion.o: in function `arc_move_r':
C:/Users/bruno/STM32CubeIDE/Proyecto_Micro/CNC/Debug/../Core/Src/motion.c:330:(.text.arc_move_r+0xb0): undefined reference to `sendUSBText'
collect2.exe: error: ld returned 1 exit status
make: *** [makefile:71: CNC.elf] Error 1
"make -j8 all" terminated with exit code 2. Build might be incomplete.

19:26:01 Build Failed. 11 errors, 0 warnings. (took 3s.441ms)

